------- Strong Scaling -----
1 process - 2^26 strong
Parallel Summation done
1.759168
2 process - 2^26 strong
Parallel Summation done
0.949653
4 process - 2^25 strong
Parallel Summation done
0.510420
8 process - 2^25 strong
Parallel Summation done
0.256153
------- Strong Scaling -----
1 process - 2^26 strong
Parallel Summation done
1.759168
2 process - 2^26 strong
Parallel Summation done
0.949653
4 process - 2^26 strong
Parallel Summation done
0.510420
8 process - 2^26 strong
Parallel Summation done
0.256153
------- Weak Scaling -----
1 process - 2^19 Weak
Parallel Summation done
0.020578
2 process - 2^19 Weak
Parallel Summation done
0.021409
4 process - 2^19 Weak
Parallel Summation done
0.021172
8 process - 2^19 Weak
Parallel Summation done
0.020814
