------- strong Scaling -----
1 process - 2^22 strong
Parallel Summation done
0.131120
2 process - 2^22 strong
Parallel Summation done
0.074284
3 process - 2^22 strong
Parallel Summation done
0.052022
4 process - 2^22 strong
Parallel Summation done
0.040191
5 process - 2^22 strong
Parallel Summation done
0.034552
6 process - 2^22 strong
Parallel Summation done
0.028892
7 process - 2^22 strong
Parallel Summation done
0.023647
8 process - 2^22 strong
Parallel Summation done
0.020927
1 process - 2^23 strong
Parallel Summation done
0.262434
2 process - 2^23 strong
Parallel Summation done
0.137316
3 process - 2^23 strong
Parallel Summation done
0.093856
4 process - 2^23 strong
Parallel Summation done
0.073563
5 process - 2^23 strong
Parallel Summation done
0.063886
6 process - 2^23 strong
Parallel Summation done
0.052389
7 process - 2^23 strong
Parallel Summation done
0.045345
8 process - 2^23 strong
Parallel Summation done
0.039281
1 process - 2^24 strong
Parallel Summation done
0.510198
2 process - 2^24 strong
Parallel Summation done
0.262036
3 process - 2^24 strong
Parallel Summation done
0.178701
4 process - 2^24 strong
Parallel Summation done
0.136810
5 process - 2^24 strong
Parallel Summation done
0.111137
6 process - 2^24 strong
Parallel Summation done
0.095374
7 process - 2^24 strong
Parallel Summation done
0.081812
8 process - 2^24 strong
Parallel Summation done
0.075208
1 process - 2^25 strong
Parallel Summation done
0.973638
2 process - 2^25 strong
Parallel Summation done
0.512010
3 process - 2^25 strong
Parallel Summation done
0.344398
4 process - 2^25 strong
Parallel Summation done
0.261569
5 process - 2^25 strong
Parallel Summation done
0.210582
6 process - 2^25 strong
Parallel Summation done
0.177777
7 process - 2^25 strong
Parallel Summation done
0.153249
8 process - 2^25 strong
Parallel Summation done
0.134593
1 process - 2^26 strong
Parallel Summation done
1.728149
2 process - 2^26 strong
Parallel Summation done
0.919026
3 process - 2^26 strong
Parallel Summation done
0.683810
4 process - 2^26 strong
Parallel Summation done
0.510892
5 process - 2^26 strong
Parallel Summation done
0.410221
6 process - 2^26 strong
Parallel Summation done
0.346495
7 process - 2^26 strong
Parallel Summation done
0.296257
8 process - 2^26 strong
Parallel Summation done
0.263262
------- weak Scaling -----
1 process - 2^22 weak
Parallel Summation done
0.120686
2 process - 2^22 weak
Parallel Summation done
0.134534
3 process - 2^22 weak
Parallel Summation done
0.136541
4 process - 2^22 weak
Parallel Summation done
0.135890
5 process - 2^22 weak
Parallel Summation done
0.139161
6 process - 2^22 weak
Parallel Summation done
0.146544
7 process - 2^22 weak
Parallel Summation done
0.135910
8 process - 2^22 weak
Parallel Summation done
0.135096
1 process - 2^23 weak
Parallel Summation done
0.259812
2 process - 2^23 weak
Parallel Summation done
0.264609
3 process - 2^23 weak
Parallel Summation done
0.258419
4 process - 2^23 weak
Parallel Summation done
0.261497
5 process - 2^23 weak
Parallel Summation done
0.260756
6 process - 2^23 weak
Parallel Summation done
0.261554
7 process - 2^23 weak
Parallel Summation done
0.261065
8 process - 2^23 weak
Parallel Summation done
0.290520
1 process - 2^24 weak
Parallel Summation done
0.489931
2 process - 2^24 weak
Parallel Summation done
0.511904
3 process - 2^24 weak
Parallel Summation done
0.512015
4 process - 2^24 weak
Parallel Summation done
0.510628
5 process - 2^24 weak
Parallel Summation done
0.510737
6 process - 2^24 weak
Parallel Summation done
0.510211
7 process - 2^24 weak
Parallel Summation done
0.510400
8 process - 2^24 weak
Parallel Summation done
0.510764
1 process - 2^25 weak
Parallel Summation done
0.803046
2 process - 2^25 weak
Parallel Summation done
0.973701
3 process - 2^25 weak
Parallel Summation done
0.964650
4 process - 2^25 weak
Parallel Summation done
0.980405
5 process - 2^25 weak
Parallel Summation done
0.942876
6 process - 2^25 weak
Parallel Summation done
0.958082
7 process - 2^25 weak
Parallel Summation done
0.910711
8 process - 2^25 weak
Parallel Summation done
0.912056
1 process - 2^26 weak
Parallel Summation done
1.632725
2 process - 2^26 weak
Parallel Summation done
1.760982
3 process - 2^26 weak
Parallel Summation done
1.805746
4 process - 2^26 weak
Parallel Summation done
1.858674
5 process - 2^26 weak
Parallel Summation done
1.810486
6 process - 2^26 weak
Parallel Summation done
1.807243
7 process - 2^26 weak
Parallel Summation done
1.803342
8 process - 2^26 weak
Parallel Summation done
1.800754
